<?xml version="1.0" encoding="UTF-8"?>
<testng-results skipped="0" failed="0" ignored="0" total="2" passed="2">
  <reporter-output>
  </reporter-output>
  <suite name="practise.seleniumBrass.SeleniumTest" duration-ms="88" started-at="2020-04-29T00:51:51 IST" finished-at="2020-04-29T00:51:51 IST">
    <groups>
    </groups>
    <test name="Command line test" duration-ms="88" started-at="2020-04-29T00:51:51 IST" finished-at="2020-04-29T00:51:51 IST">
      <class name="practise.seleniumBrass.SeleniumTest">
        <test-method status="PASS" signature="seleniumtest()[pri:0, instance:practise.seleniumBrass.SeleniumTest@66a3ffec]" name="seleniumtest" duration-ms="7" started-at="2020-04-29T00:51:51 IST" finished-at="2020-04-29T00:51:51 IST">
          <reporter-output>
          </reporter-output>
        </test-method> <!-- seleniumtest -->
        <test-method status="PASS" signature="seleniumtwo()[pri:0, instance:practise.seleniumBrass.SeleniumTest@66a3ffec]" name="seleniumtwo" duration-ms="1" started-at="2020-04-29T00:51:51 IST" finished-at="2020-04-29T00:51:51 IST">
          <reporter-output>
          </reporter-output>
        </test-method> <!-- seleniumtwo -->
      </class> <!-- practise.seleniumBrass.SeleniumTest -->
    </test> <!-- Command line test -->
  </suite> <!-- practise.seleniumBrass.SeleniumTest -->
</testng-results>
