<?xml version="1.0" encoding="UTF-8"?>
<testng-results skipped="0" failed="0" ignored="0" total="1" passed="1">
  <reporter-output>
  </reporter-output>
  <suite name="Default suite" duration-ms="33192" started-at="2020-04-29T21:10:52Z" finished-at="2020-04-29T21:11:25Z">
    <groups>
    </groups>
    <test name="Default test" duration-ms="33192" started-at="2020-04-29T21:10:52Z" finished-at="2020-04-29T21:11:25Z">
      <class name="practise.seleniumBrass.HomePage">
        <test-method status="PASS" signature="LoginTest()[pri:0, instance:practise.seleniumBrass.HomePage@3ffc5af1]" name="LoginTest" duration-ms="33163" started-at="2020-04-29T21:10:52Z" finished-at="2020-04-29T21:11:25Z">
          <reporter-output>
          </reporter-output>
        </test-method> <!-- LoginTest -->
      </class> <!-- practise.seleniumBrass.HomePage -->
    </test> <!-- Default test -->
  </suite> <!-- Default suite -->
</testng-results>
